<?xml version="1.0" encoding="UTF-8"?>
<beans xmlns="http://www.springframework.org/schema/beans"
       xmlns:context="http://www.springframework.org/schema/context"
       xmlns:xsi="http://www.w3.org/2001/XMLSchema-instance"
       xsi:schemaLocation="http://www.springframework.org/schema/beans http://www.springframework.org/schema/beans/spring-beans-3.0.xsd
       		http://www.springframework.org/schema/context http://www.springframework.org/schema/context/spring-context-3.0.xsd">

    <context:component-scan base-package="edu.mayo.cts2.framework.plugin.service.arangodb" />

    <bean id="serverContext" class="edu.mayo.cts2.framework.core.config.TestServerContext" />

    <bean id="cts2Marshaller" class="edu.mayo.cts2.framework.core.xml.DelegatingMarshaller" />

    <bean id="urlConstructor" name="urlConstructor"
          class="edu.mayo.cts2.framework.util.spring.UrlConstructorSpringFactory" />

    <bean id="pluginConfig"
          class="edu.mayo.cts2.framework.core.config.TestPluginConfigSpringFactory" />

    <bean id="pluginConfigManager"
          class="edu.mayo.cts2.framework.core.plugin.DefaultPluginConfigManager" />

    <bean id="configInitializer"
          class="edu.mayo.cts2.framework.core.config.TestConfigInitializerSpringFactory" />

    <bean id="arangoDao" class="edu.mayo.cts2.framework.plugin.service.arangodb.ArangoDao"/>

    <bean id="elasticsearchDao" class="edu.mayo.cts2.framework.plugin.service.arangodb.TestElasticsearchDao"/>

    <context:property-placeholder location="classpath:arangodb-service.properties" />

</beans>